{"/home/mantas/Desktop/steam-shop/server/routes/auth.js": {"path":"/home/mantas/Desktop/steam-shop/server/routes/auth.js","statementMap":{"0":{"start":{"line":1,"column":17},"end":{"line":1,"column":35}},"1":{"start":{"line":2,"column":12},"end":{"line":2,"column":35}},"2":{"start":{"line":3,"column":15},"end":{"line":3,"column":32}},"3":{"start":{"line":4,"column":15},"end":{"line":4,"column":41}},"4":{"start":{"line":5,"column":45},"end":{"line":5,"column":66}},"5":{"start":{"line":7,"column":15},"end":{"line":7,"column":23}},"6":{"start":{"line":9,"column":0},"end":{"line":27,"column":3}},"7":{"start":{"line":10,"column":1},"end":{"line":25,"column":2}},"8":{"start":{"line":11,"column":18},"end":{"line":11,"column":54}},"9":{"start":{"line":12,"column":15},"end":{"line":12,"column":36}},"10":{"start":{"line":13,"column":2},"end":{"line":23,"column":3}},"11":{"start":{"line":14,"column":3},"end":{"line":14,"column":56}},"12":{"start":{"line":15,"column":9},"end":{"line":23,"column":3}},"13":{"start":{"line":16,"column":3},"end":{"line":16,"column":51}},"14":{"start":{"line":18,"column":3},"end":{"line":22,"column":4}},"15":{"start":{"line":19,"column":4},"end":{"line":19,"column":45}},"16":{"start":{"line":21,"column":4},"end":{"line":21,"column":52}},"17":{"start":{"line":24,"column":2},"end":{"line":24,"column":9}},"18":{"start":{"line":26,"column":1},"end":{"line":26,"column":76}},"19":{"start":{"line":29,"column":0},"end":{"line":47,"column":3}},"20":{"start":{"line":30,"column":1},"end":{"line":45,"column":2}},"21":{"start":{"line":31,"column":2},"end":{"line":43,"column":5}},"22":{"start":{"line":38,"column":3},"end":{"line":42,"column":4}},"23":{"start":{"line":39,"column":4},"end":{"line":39,"column":63}},"24":{"start":{"line":41,"column":4},"end":{"line":41,"column":57}},"25":{"start":{"line":44,"column":2},"end":{"line":44,"column":9}},"26":{"start":{"line":46,"column":1},"end":{"line":46,"column":83}},"27":{"start":{"line":49,"column":0},"end":{"line":65,"column":3}},"28":{"start":{"line":50,"column":15},"end":{"line":50,"column":38}},"29":{"start":{"line":51,"column":14},"end":{"line":51,"column":36}},"30":{"start":{"line":52,"column":1},"end":{"line":64,"column":2}},"31":{"start":{"line":53,"column":2},"end":{"line":63,"column":3}},"32":{"start":{"line":54,"column":16},"end":{"line":54,"column":55}},"33":{"start":{"line":55,"column":3},"end":{"line":60,"column":4}},"34":{"start":{"line":56,"column":4},"end":{"line":56,"column":65}},"35":{"start":{"line":57,"column":4},"end":{"line":57,"column":56}},"36":{"start":{"line":59,"column":4},"end":{"line":59,"column":52}},"37":{"start":{"line":62,"column":3},"end":{"line":62,"column":85}},"38":{"start":{"line":67,"column":0},"end":{"line":67,"column":24}}},"fnMap":{"0":{"name":"(anonymous_0)","decl":{"start":{"line":9,"column":22},"end":{"line":9,"column":23}},"loc":{"start":{"line":9,"column":67},"end":{"line":27,"column":1}},"line":9},"1":{"name":"(anonymous_1)","decl":{"start":{"line":29,"column":25},"end":{"line":29,"column":26}},"loc":{"start":{"line":29,"column":71},"end":{"line":47,"column":1}},"line":29},"2":{"name":"(anonymous_2)","decl":{"start":{"line":37,"column":12},"end":{"line":37,"column":13}},"loc":{"start":{"line":37,"column":31},"end":{"line":43,"column":3}},"line":37},"3":{"name":"(anonymous_3)","decl":{"start":{"line":49,"column":25},"end":{"line":49,"column":26}},"loc":{"start":{"line":49,"column":103},"end":{"line":65,"column":1}},"line":49}},"branchMap":{"0":{"loc":{"start":{"line":10,"column":1},"end":{"line":25,"column":2}},"type":"if","locations":[{"start":{"line":10,"column":1},"end":{"line":25,"column":2}},{"start":{"line":10,"column":1},"end":{"line":25,"column":2}}],"line":10},"1":{"loc":{"start":{"line":10,"column":5},"end":{"line":10,"column":25}},"type":"binary-expr","locations":[{"start":{"line":10,"column":5},"end":{"line":10,"column":13}},{"start":{"line":10,"column":17},"end":{"line":10,"column":25}}],"line":10},"2":{"loc":{"start":{"line":13,"column":2},"end":{"line":23,"column":3}},"type":"if","locations":[{"start":{"line":13,"column":2},"end":{"line":23,"column":3}},{"start":{"line":13,"column":2},"end":{"line":23,"column":3}}],"line":13},"3":{"loc":{"start":{"line":15,"column":9},"end":{"line":23,"column":3}},"type":"if","locations":[{"start":{"line":15,"column":9},"end":{"line":23,"column":3}},{"start":{"line":15,"column":9},"end":{"line":23,"column":3}}],"line":15},"4":{"loc":{"start":{"line":18,"column":3},"end":{"line":22,"column":4}},"type":"if","locations":[{"start":{"line":18,"column":3},"end":{"line":22,"column":4}},{"start":{"line":18,"column":3},"end":{"line":22,"column":4}}],"line":18},"5":{"loc":{"start":{"line":30,"column":1},"end":{"line":45,"column":2}},"type":"if","locations":[{"start":{"line":30,"column":1},"end":{"line":45,"column":2}},{"start":{"line":30,"column":1},"end":{"line":45,"column":2}}],"line":30},"6":{"loc":{"start":{"line":30,"column":5},"end":{"line":30,"column":34}},"type":"binary-expr","locations":[{"start":{"line":30,"column":5},"end":{"line":30,"column":13}},{"start":{"line":30,"column":17},"end":{"line":30,"column":22}},{"start":{"line":30,"column":26},"end":{"line":30,"column":34}}],"line":30},"7":{"loc":{"start":{"line":38,"column":3},"end":{"line":42,"column":4}},"type":"if","locations":[{"start":{"line":38,"column":3},"end":{"line":42,"column":4}},{"start":{"line":38,"column":3},"end":{"line":42,"column":4}}],"line":38},"8":{"loc":{"start":{"line":52,"column":1},"end":{"line":64,"column":2}},"type":"if","locations":[{"start":{"line":52,"column":1},"end":{"line":64,"column":2}},{"start":{"line":52,"column":1},"end":{"line":64,"column":2}}],"line":52},"9":{"loc":{"start":{"line":53,"column":2},"end":{"line":63,"column":3}},"type":"if","locations":[{"start":{"line":53,"column":2},"end":{"line":63,"column":3}},{"start":{"line":53,"column":2},"end":{"line":63,"column":3}}],"line":53},"10":{"loc":{"start":{"line":53,"column":6},"end":{"line":53,"column":33}},"type":"binary-expr","locations":[{"start":{"line":53,"column":6},"end":{"line":53,"column":14}},{"start":{"line":53,"column":18},"end":{"line":53,"column":33}}],"line":53},"11":{"loc":{"start":{"line":55,"column":3},"end":{"line":60,"column":4}},"type":"if","locations":[{"start":{"line":55,"column":3},"end":{"line":60,"column":4}},{"start":{"line":55,"column":3},"end":{"line":60,"column":4}}],"line":55}},"s":{"0":7,"1":7,"2":7,"3":7,"4":7,"5":7,"6":7,"7":14,"8":13,"9":13,"10":13,"11":1,"12":12,"13":1,"14":11,"15":10,"16":1,"17":13,"18":1,"19":7,"20":3,"21":2,"22":2,"23":1,"24":1,"25":2,"26":1,"27":7,"28":4,"29":4,"30":4,"31":3,"32":2,"33":2,"34":1,"35":1,"36":1,"37":1,"38":7},"f":{"0":14,"1":3,"2":2,"3":4},"b":{"0":[13,1],"1":[14,13],"2":[1,12],"3":[1,11],"4":[10,1],"5":[2,1],"6":[3,2,2],"7":[1,1],"8":[3,1],"9":[2,1],"10":[3,2],"11":[1,1]},"_coverageSchema":"43e27e138ebf9cfc5966b082cf9a028302ed4184","hash":"f1ba4a61bc782ef4012f073677f84042697a5ceb"}
,"/home/mantas/Desktop/steam-shop/server/routes/cart.js": {"path":"/home/mantas/Desktop/steam-shop/server/routes/cart.js","statementMap":{"0":{"start":{"line":1,"column":17},"end":{"line":1,"column":35}},"1":{"start":{"line":2,"column":11},"end":{"line":2,"column":37}},"2":{"start":{"line":3,"column":45},"end":{"line":3,"column":66}},"3":{"start":{"line":5,"column":15},"end":{"line":5,"column":23}},"4":{"start":{"line":6,"column":20},"end":{"line":6,"column":22}},"5":{"start":{"line":8,"column":0},"end":{"line":29,"column":3}},"6":{"start":{"line":9,"column":15},"end":{"line":9,"column":38}},"7":{"start":{"line":10,"column":14},"end":{"line":10,"column":36}},"8":{"start":{"line":11,"column":1},"end":{"line":28,"column":2}},"9":{"start":{"line":12,"column":2},"end":{"line":27,"column":3}},"10":{"start":{"line":13,"column":15},"end":{"line":13,"column":63}},"11":{"start":{"line":14,"column":3},"end":{"line":24,"column":4}},"12":{"start":{"line":15,"column":20},"end":{"line":15,"column":49}},"13":{"start":{"line":16,"column":4},"end":{"line":20,"column":7}},"14":{"start":{"line":21,"column":4},"end":{"line":21,"column":61}},"15":{"start":{"line":23,"column":4},"end":{"line":23,"column":71}},"16":{"start":{"line":26,"column":3},"end":{"line":26,"column":62}},"17":{"start":{"line":31,"column":0},"end":{"line":53,"column":3}},"18":{"start":{"line":32,"column":15},"end":{"line":32,"column":38}},"19":{"start":{"line":33,"column":14},"end":{"line":33,"column":36}},"20":{"start":{"line":34,"column":1},"end":{"line":52,"column":2}},"21":{"start":{"line":35,"column":2},"end":{"line":51,"column":3}},"22":{"start":{"line":36,"column":16},"end":{"line":38,"column":5}},"23":{"start":{"line":39,"column":3},"end":{"line":48,"column":4}},"24":{"start":{"line":40,"column":20},"end":{"line":40,"column":40}},"25":{"start":{"line":41,"column":4},"end":{"line":44,"column":6}},"26":{"start":{"line":45,"column":4},"end":{"line":45,"column":65}},"27":{"start":{"line":47,"column":4},"end":{"line":47,"column":63}},"28":{"start":{"line":50,"column":3},"end":{"line":50,"column":62}},"29":{"start":{"line":55,"column":0},"end":{"line":72,"column":3}},"30":{"start":{"line":56,"column":15},"end":{"line":56,"column":38}},"31":{"start":{"line":57,"column":14},"end":{"line":57,"column":36}},"32":{"start":{"line":58,"column":1},"end":{"line":71,"column":2}},"33":{"start":{"line":59,"column":15},"end":{"line":69,"column":4}},"34":{"start":{"line":70,"column":2},"end":{"line":70,"column":42}},"35":{"start":{"line":74,"column":0},"end":{"line":74,"column":24}}},"fnMap":{"0":{"name":"(anonymous_0)","decl":{"start":{"line":8,"column":17},"end":{"line":8,"column":18}},"loc":{"start":{"line":8,"column":77},"end":{"line":29,"column":1}},"line":8},"1":{"name":"(anonymous_1)","decl":{"start":{"line":31,"column":19},"end":{"line":31,"column":20}},"loc":{"start":{"line":31,"column":79},"end":{"line":53,"column":1}},"line":31},"2":{"name":"(anonymous_2)","decl":{"start":{"line":55,"column":16},"end":{"line":55,"column":17}},"loc":{"start":{"line":55,"column":59},"end":{"line":72,"column":1}},"line":55}},"branchMap":{"0":{"loc":{"start":{"line":11,"column":1},"end":{"line":28,"column":2}},"type":"if","locations":[{"start":{"line":11,"column":1},"end":{"line":28,"column":2}},{"start":{"line":11,"column":1},"end":{"line":28,"column":2}}],"line":11},"1":{"loc":{"start":{"line":12,"column":2},"end":{"line":27,"column":3}},"type":"if","locations":[{"start":{"line":12,"column":2},"end":{"line":27,"column":3}},{"start":{"line":12,"column":2},"end":{"line":27,"column":3}}],"line":12},"2":{"loc":{"start":{"line":14,"column":3},"end":{"line":24,"column":4}},"type":"if","locations":[{"start":{"line":14,"column":3},"end":{"line":24,"column":4}},{"start":{"line":14,"column":3},"end":{"line":24,"column":4}}],"line":14},"3":{"loc":{"start":{"line":34,"column":1},"end":{"line":52,"column":2}},"type":"if","locations":[{"start":{"line":34,"column":1},"end":{"line":52,"column":2}},{"start":{"line":34,"column":1},"end":{"line":52,"column":2}}],"line":34},"4":{"loc":{"start":{"line":35,"column":2},"end":{"line":51,"column":3}},"type":"if","locations":[{"start":{"line":35,"column":2},"end":{"line":51,"column":3}},{"start":{"line":35,"column":2},"end":{"line":51,"column":3}}],"line":35},"5":{"loc":{"start":{"line":39,"column":3},"end":{"line":48,"column":4}},"type":"if","locations":[{"start":{"line":39,"column":3},"end":{"line":48,"column":4}},{"start":{"line":39,"column":3},"end":{"line":48,"column":4}}],"line":39},"6":{"loc":{"start":{"line":58,"column":1},"end":{"line":71,"column":2}},"type":"if","locations":[{"start":{"line":58,"column":1},"end":{"line":71,"column":2}},{"start":{"line":58,"column":1},"end":{"line":71,"column":2}}],"line":58}},"s":{"0":7,"1":7,"2":7,"3":7,"4":7,"5":7,"6":3,"7":3,"8":3,"9":3,"10":3,"11":3,"12":2,"13":2,"14":2,"15":1,"16":0,"17":7,"18":2,"19":2,"20":2,"21":2,"22":2,"23":2,"24":1,"25":1,"26":1,"27":1,"28":0,"29":7,"30":0,"31":0,"32":0,"33":0,"34":0,"35":7},"f":{"0":3,"1":2,"2":0},"b":{"0":[3,0],"1":[3,0],"2":[2,1],"3":[2,0],"4":[2,0],"5":[1,1],"6":[0,0]},"_coverageSchema":"43e27e138ebf9cfc5966b082cf9a028302ed4184","hash":"641f089e8241a19b20c8ec0afd5790fe18213b42"}
,"/home/mantas/Desktop/steam-shop/server/routes/keys.js": {"path":"/home/mantas/Desktop/steam-shop/server/routes/keys.js","statementMap":{"0":{"start":{"line":1,"column":17},"end":{"line":1,"column":35}},"1":{"start":{"line":2,"column":23},"end":{"line":2,"column":49}},"2":{"start":{"line":3,"column":32},"end":{"line":3,"column":53}},"3":{"start":{"line":5,"column":15},"end":{"line":5,"column":23}},"4":{"start":{"line":7,"column":0},"end":{"line":17,"column":3}},"5":{"start":{"line":8,"column":15},"end":{"line":8,"column":38}},"6":{"start":{"line":9,"column":1},"end":{"line":16,"column":2}},"7":{"start":{"line":10,"column":2},"end":{"line":15,"column":3}},"8":{"start":{"line":11,"column":15},"end":{"line":11,"column":53}},"9":{"start":{"line":12,"column":3},"end":{"line":12,"column":57}},"10":{"start":{"line":14,"column":3},"end":{"line":14,"column":78}},"11":{"start":{"line":19,"column":0},"end":{"line":34,"column":3}},"12":{"start":{"line":20,"column":15},"end":{"line":20,"column":38}},"13":{"start":{"line":21,"column":1},"end":{"line":33,"column":2}},"14":{"start":{"line":22,"column":2},"end":{"line":32,"column":3}},"15":{"start":{"line":23,"column":15},"end":{"line":23,"column":47}},"16":{"start":{"line":24,"column":3},"end":{"line":29,"column":4}},"17":{"start":{"line":25,"column":4},"end":{"line":25,"column":43}},"18":{"start":{"line":26,"column":4},"end":{"line":26,"column":60}},"19":{"start":{"line":28,"column":4},"end":{"line":28,"column":56}},"20":{"start":{"line":31,"column":3},"end":{"line":31,"column":82}},"21":{"start":{"line":36,"column":0},"end":{"line":51,"column":3}},"22":{"start":{"line":37,"column":15},"end":{"line":37,"column":38}},"23":{"start":{"line":38,"column":1},"end":{"line":50,"column":2}},"24":{"start":{"line":39,"column":2},"end":{"line":49,"column":3}},"25":{"start":{"line":40,"column":15},"end":{"line":40,"column":44}},"26":{"start":{"line":41,"column":3},"end":{"line":46,"column":4}},"27":{"start":{"line":42,"column":4},"end":{"line":42,"column":24}},"28":{"start":{"line":43,"column":4},"end":{"line":43,"column":55}},"29":{"start":{"line":45,"column":4},"end":{"line":45,"column":56}},"30":{"start":{"line":48,"column":3},"end":{"line":48,"column":57}},"31":{"start":{"line":53,"column":0},"end":{"line":68,"column":3}},"32":{"start":{"line":54,"column":15},"end":{"line":54,"column":38}},"33":{"start":{"line":55,"column":1},"end":{"line":67,"column":2}},"34":{"start":{"line":56,"column":15},"end":{"line":65,"column":4}},"35":{"start":{"line":66,"column":2},"end":{"line":66,"column":25}},"36":{"start":{"line":70,"column":0},"end":{"line":83,"column":2}},"37":{"start":{"line":73,"column":16},"end":{"line":73,"column":39}},"38":{"start":{"line":74,"column":2},"end":{"line":81,"column":3}},"39":{"start":{"line":75,"column":16},"end":{"line":75,"column":45}},"40":{"start":{"line":76,"column":3},"end":{"line":80,"column":4}},"41":{"start":{"line":77,"column":4},"end":{"line":77,"column":26}},"42":{"start":{"line":79,"column":4},"end":{"line":79,"column":56}},"43":{"start":{"line":85,"column":0},"end":{"line":85,"column":24}}},"fnMap":{"0":{"name":"(anonymous_0)","decl":{"start":{"line":7,"column":17},"end":{"line":7,"column":18}},"loc":{"start":{"line":7,"column":88},"end":{"line":17,"column":1}},"line":7},"1":{"name":"(anonymous_1)","decl":{"start":{"line":19,"column":16},"end":{"line":19,"column":17}},"loc":{"start":{"line":19,"column":91},"end":{"line":34,"column":1}},"line":19},"2":{"name":"(anonymous_2)","decl":{"start":{"line":36,"column":19},"end":{"line":36,"column":20}},"loc":{"start":{"line":36,"column":74},"end":{"line":51,"column":1}},"line":36},"3":{"name":"(anonymous_3)","decl":{"start":{"line":53,"column":16},"end":{"line":53,"column":17}},"loc":{"start":{"line":53,"column":59},"end":{"line":68,"column":1}},"line":53},"4":{"name":"(anonymous_4)","decl":{"start":{"line":72,"column":1},"end":{"line":72,"column":2}},"loc":{"start":{"line":72,"column":58},"end":{"line":82,"column":2}},"line":72}},"branchMap":{"0":{"loc":{"start":{"line":9,"column":1},"end":{"line":16,"column":2}},"type":"if","locations":[{"start":{"line":9,"column":1},"end":{"line":16,"column":2}},{"start":{"line":9,"column":1},"end":{"line":16,"column":2}}],"line":9},"1":{"loc":{"start":{"line":10,"column":2},"end":{"line":15,"column":3}},"type":"if","locations":[{"start":{"line":10,"column":2},"end":{"line":15,"column":3}},{"start":{"line":10,"column":2},"end":{"line":15,"column":3}}],"line":10},"2":{"loc":{"start":{"line":10,"column":6},"end":{"line":10,"column":26}},"type":"binary-expr","locations":[{"start":{"line":10,"column":6},"end":{"line":10,"column":13}},{"start":{"line":10,"column":17},"end":{"line":10,"column":26}}],"line":10},"3":{"loc":{"start":{"line":21,"column":1},"end":{"line":33,"column":2}},"type":"if","locations":[{"start":{"line":21,"column":1},"end":{"line":33,"column":2}},{"start":{"line":21,"column":1},"end":{"line":33,"column":2}}],"line":21},"4":{"loc":{"start":{"line":22,"column":2},"end":{"line":32,"column":3}},"type":"if","locations":[{"start":{"line":22,"column":2},"end":{"line":32,"column":3}},{"start":{"line":22,"column":2},"end":{"line":32,"column":3}}],"line":22},"5":{"loc":{"start":{"line":22,"column":6},"end":{"line":22,"column":32}},"type":"binary-expr","locations":[{"start":{"line":22,"column":6},"end":{"line":22,"column":8}},{"start":{"line":22,"column":12},"end":{"line":22,"column":19}},{"start":{"line":22,"column":23},"end":{"line":22,"column":32}}],"line":22},"6":{"loc":{"start":{"line":24,"column":3},"end":{"line":29,"column":4}},"type":"if","locations":[{"start":{"line":24,"column":3},"end":{"line":29,"column":4}},{"start":{"line":24,"column":3},"end":{"line":29,"column":4}}],"line":24},"7":{"loc":{"start":{"line":38,"column":1},"end":{"line":50,"column":2}},"type":"if","locations":[{"start":{"line":38,"column":1},"end":{"line":50,"column":2}},{"start":{"line":38,"column":1},"end":{"line":50,"column":2}}],"line":38},"8":{"loc":{"start":{"line":39,"column":2},"end":{"line":49,"column":3}},"type":"if","locations":[{"start":{"line":39,"column":2},"end":{"line":49,"column":3}},{"start":{"line":39,"column":2},"end":{"line":49,"column":3}}],"line":39},"9":{"loc":{"start":{"line":41,"column":3},"end":{"line":46,"column":4}},"type":"if","locations":[{"start":{"line":41,"column":3},"end":{"line":46,"column":4}},{"start":{"line":41,"column":3},"end":{"line":46,"column":4}}],"line":41},"10":{"loc":{"start":{"line":55,"column":1},"end":{"line":67,"column":2}},"type":"if","locations":[{"start":{"line":55,"column":1},"end":{"line":67,"column":2}},{"start":{"line":55,"column":1},"end":{"line":67,"column":2}}],"line":55},"11":{"loc":{"start":{"line":74,"column":2},"end":{"line":81,"column":3}},"type":"if","locations":[{"start":{"line":74,"column":2},"end":{"line":81,"column":3}},{"start":{"line":74,"column":2},"end":{"line":81,"column":3}}],"line":74},"12":{"loc":{"start":{"line":76,"column":3},"end":{"line":80,"column":4}},"type":"if","locations":[{"start":{"line":76,"column":3},"end":{"line":80,"column":4}},{"start":{"line":76,"column":3},"end":{"line":80,"column":4}}],"line":76}},"s":{"0":7,"1":7,"2":7,"3":7,"4":7,"5":3,"6":3,"7":2,"8":1,"9":1,"10":1,"11":7,"12":4,"13":4,"14":3,"15":2,"16":2,"17":1,"18":1,"19":1,"20":1,"21":7,"22":4,"23":4,"24":3,"25":2,"26":2,"27":1,"28":1,"29":1,"30":1,"31":7,"32":2,"33":2,"34":1,"35":1,"36":7,"37":4,"38":4,"39":3,"40":3,"41":2,"42":1,"43":7},"f":{"0":3,"1":4,"2":4,"3":2,"4":4},"b":{"0":[2,1],"1":[1,1],"2":[2,1],"3":[3,1],"4":[2,1],"5":[3,2,2],"6":[1,1],"7":[3,1],"8":[2,1],"9":[1,1],"10":[1,1],"11":[3,1],"12":[2,1]},"_coverageSchema":"43e27e138ebf9cfc5966b082cf9a028302ed4184","hash":"3d2ddfd25fdf338d0b580407d8704639491073c2"}
,"/home/mantas/Desktop/steam-shop/server/routes/orderKeys.js": {"path":"/home/mantas/Desktop/steam-shop/server/routes/orderKeys.js","statementMap":{"0":{"start":{"line":1,"column":17},"end":{"line":1,"column":35}},"1":{"start":{"line":2,"column":29},"end":{"line":2,"column":55}},"2":{"start":{"line":3,"column":31},"end":{"line":3,"column":52}},"3":{"start":{"line":5,"column":15},"end":{"line":5,"column":23}},"4":{"start":{"line":7,"column":0},"end":{"line":32,"column":3}},"5":{"start":{"line":8,"column":15},"end":{"line":8,"column":38}},"6":{"start":{"line":9,"column":14},"end":{"line":9,"column":36}},"7":{"start":{"line":10,"column":1},"end":{"line":31,"column":2}},"8":{"start":{"line":11,"column":15},"end":{"line":25,"column":4}},"9":{"start":{"line":26,"column":2},"end":{"line":30,"column":3}},"10":{"start":{"line":27,"column":3},"end":{"line":27,"column":31}},"11":{"start":{"line":29,"column":3},"end":{"line":29,"column":62}},"12":{"start":{"line":34,"column":0},"end":{"line":34,"column":24}}},"fnMap":{"0":{"name":"(anonymous_0)","decl":{"start":{"line":7,"column":19},"end":{"line":7,"column":20}},"loc":{"start":{"line":7,"column":76},"end":{"line":32,"column":1}},"line":7}},"branchMap":{"0":{"loc":{"start":{"line":10,"column":1},"end":{"line":31,"column":2}},"type":"if","locations":[{"start":{"line":10,"column":1},"end":{"line":31,"column":2}},{"start":{"line":10,"column":1},"end":{"line":31,"column":2}}],"line":10},"1":{"loc":{"start":{"line":26,"column":2},"end":{"line":30,"column":3}},"type":"if","locations":[{"start":{"line":26,"column":2},"end":{"line":30,"column":3}},{"start":{"line":26,"column":2},"end":{"line":30,"column":3}}],"line":26},"2":{"loc":{"start":{"line":26,"column":6},"end":{"line":26,"column":62}},"type":"binary-expr","locations":[{"start":{"line":26,"column":6},"end":{"line":26,"column":10}},{"start":{"line":26,"column":15},"end":{"line":26,"column":30}},{"start":{"line":26,"column":34},"end":{"line":26,"column":61}}],"line":26}},"s":{"0":7,"1":7,"2":7,"3":7,"4":7,"5":0,"6":0,"7":0,"8":0,"9":0,"10":0,"11":0,"12":7},"f":{"0":0},"b":{"0":[0,0],"1":[0,0],"2":[0,0,0]},"_coverageSchema":"43e27e138ebf9cfc5966b082cf9a028302ed4184","hash":"8120ae5e799e37c76683e6fe7de64412b2112db0"}
,"/home/mantas/Desktop/steam-shop/server/routes/orders.js": {"path":"/home/mantas/Desktop/steam-shop/server/routes/orders.js","statementMap":{"0":{"start":{"line":1,"column":17},"end":{"line":1,"column":35}},"1":{"start":{"line":2,"column":11},"end":{"line":2,"column":37}},"2":{"start":{"line":3,"column":45},"end":{"line":3,"column":66}},"3":{"start":{"line":5,"column":15},"end":{"line":5,"column":23}},"4":{"start":{"line":6,"column":31},"end":{"line":6,"column":33}},"5":{"start":{"line":8,"column":0},"end":{"line":38,"column":3}},"6":{"start":{"line":9,"column":15},"end":{"line":9,"column":38}},"7":{"start":{"line":10,"column":14},"end":{"line":10,"column":36}},"8":{"start":{"line":11,"column":1},"end":{"line":37,"column":2}},"9":{"start":{"line":12,"column":15},"end":{"line":17,"column":4}},"10":{"start":{"line":19,"column":2},"end":{"line":35,"column":3}},"11":{"start":{"line":20,"column":17},"end":{"line":20,"column":55}},"12":{"start":{"line":21,"column":3},"end":{"line":30,"column":6}},"13":{"start":{"line":22,"column":4},"end":{"line":29,"column":5}},"14":{"start":{"line":23,"column":5},"end":{"line":23,"column":59}},"15":{"start":{"line":24,"column":21},"end":{"line":24,"column":68}},"16":{"start":{"line":25,"column":5},"end":{"line":28,"column":9}},"17":{"start":{"line":32,"column":3},"end":{"line":32,"column":56}},"18":{"start":{"line":34,"column":3},"end":{"line":34,"column":61}},"19":{"start":{"line":40,"column":0},"end":{"line":68,"column":3}},"20":{"start":{"line":41,"column":15},"end":{"line":41,"column":38}},"21":{"start":{"line":42,"column":14},"end":{"line":42,"column":36}},"22":{"start":{"line":43,"column":1},"end":{"line":67,"column":2}},"23":{"start":{"line":44,"column":15},"end":{"line":65,"column":4}},"24":{"start":{"line":66,"column":2},"end":{"line":66,"column":27}},"25":{"start":{"line":70,"column":0},"end":{"line":70,"column":24}}},"fnMap":{"0":{"name":"(anonymous_0)","decl":{"start":{"line":8,"column":17},"end":{"line":8,"column":18}},"loc":{"start":{"line":8,"column":60},"end":{"line":38,"column":1}},"line":8},"1":{"name":"(anonymous_1)","decl":{"start":{"line":21,"column":16},"end":{"line":21,"column":17}},"loc":{"start":{"line":21,"column":30},"end":{"line":30,"column":4}},"line":21},"2":{"name":"(anonymous_2)","decl":{"start":{"line":40,"column":16},"end":{"line":40,"column":17}},"loc":{"start":{"line":40,"column":59},"end":{"line":68,"column":1}},"line":40}},"branchMap":{"0":{"loc":{"start":{"line":11,"column":1},"end":{"line":37,"column":2}},"type":"if","locations":[{"start":{"line":11,"column":1},"end":{"line":37,"column":2}},{"start":{"line":11,"column":1},"end":{"line":37,"column":2}}],"line":11},"1":{"loc":{"start":{"line":19,"column":2},"end":{"line":35,"column":3}},"type":"if","locations":[{"start":{"line":19,"column":2},"end":{"line":35,"column":3}},{"start":{"line":19,"column":2},"end":{"line":35,"column":3}}],"line":19},"2":{"loc":{"start":{"line":22,"column":4},"end":{"line":29,"column":5}},"type":"if","locations":[{"start":{"line":22,"column":4},"end":{"line":29,"column":5}},{"start":{"line":22,"column":4},"end":{"line":29,"column":5}}],"line":22},"3":{"loc":{"start":{"line":25,"column":5},"end":{"line":28,"column":8}},"type":"binary-expr","locations":[{"start":{"line":25,"column":5},"end":{"line":25,"column":12}},{"start":{"line":26,"column":6},"end":{"line":28,"column":7}}],"line":25},"4":{"loc":{"start":{"line":43,"column":1},"end":{"line":67,"column":2}},"type":"if","locations":[{"start":{"line":43,"column":1},"end":{"line":67,"column":2}},{"start":{"line":43,"column":1},"end":{"line":67,"column":2}}],"line":43}},"s":{"0":7,"1":7,"2":7,"3":7,"4":7,"5":7,"6":2,"7":2,"8":2,"9":2,"10":2,"11":1,"12":1,"13":1,"14":1,"15":1,"16":1,"17":1,"18":1,"19":7,"20":1,"21":1,"22":1,"23":1,"24":1,"25":7},"f":{"0":2,"1":1,"2":1},"b":{"0":[2,0],"1":[1,1],"2":[1,0],"3":[1,1],"4":[1,0]},"_coverageSchema":"43e27e138ebf9cfc5966b082cf9a028302ed4184","hash":"28ca3f6943bbd8d6ce86348492bdc25ca4f5b90a"}
,"/home/mantas/Desktop/steam-shop/server/routes/products.js": {"path":"/home/mantas/Desktop/steam-shop/server/routes/products.js","statementMap":{"0":{"start":{"line":1,"column":17},"end":{"line":1,"column":35}},"1":{"start":{"line":2,"column":11},"end":{"line":2,"column":37}},"2":{"start":{"line":3,"column":32},"end":{"line":3,"column":53}},"3":{"start":{"line":5,"column":15},"end":{"line":5,"column":23}},"4":{"start":{"line":6,"column":31},"end":{"line":6,"column":33}},"5":{"start":{"line":8,"column":0},"end":{"line":33,"column":3}},"6":{"start":{"line":9,"column":14},"end":{"line":31,"column":3}},"7":{"start":{"line":32,"column":1},"end":{"line":32,"column":28}},"8":{"start":{"line":35,"column":0},"end":{"line":45,"column":3}},"9":{"start":{"line":36,"column":15},"end":{"line":36,"column":38}},"10":{"start":{"line":37,"column":1},"end":{"line":44,"column":2}},"11":{"start":{"line":38,"column":2},"end":{"line":43,"column":3}},"12":{"start":{"line":39,"column":19},"end":{"line":39,"column":74}},"13":{"start":{"line":40,"column":3},"end":{"line":40,"column":65}},"14":{"start":{"line":42,"column":3},"end":{"line":42,"column":91}},"15":{"start":{"line":47,"column":0},"end":{"line":62,"column":3}},"16":{"start":{"line":48,"column":15},"end":{"line":48,"column":38}},"17":{"start":{"line":49,"column":1},"end":{"line":61,"column":2}},"18":{"start":{"line":50,"column":2},"end":{"line":60,"column":3}},"19":{"start":{"line":51,"column":19},"end":{"line":51,"column":55}},"20":{"start":{"line":52,"column":3},"end":{"line":57,"column":4}},"21":{"start":{"line":53,"column":27},"end":{"line":53,"column":82}},"22":{"start":{"line":54,"column":4},"end":{"line":54,"column":84}},"23":{"start":{"line":56,"column":4},"end":{"line":56,"column":60}},"24":{"start":{"line":59,"column":3},"end":{"line":59,"column":95}},"25":{"start":{"line":64,"column":0},"end":{"line":81,"column":3}},"26":{"start":{"line":65,"column":15},"end":{"line":65,"column":38}},"27":{"start":{"line":66,"column":1},"end":{"line":80,"column":2}},"28":{"start":{"line":67,"column":2},"end":{"line":79,"column":3}},"29":{"start":{"line":68,"column":19},"end":{"line":68,"column":52}},"30":{"start":{"line":69,"column":3},"end":{"line":76,"column":4}},"31":{"start":{"line":70,"column":20},"end":{"line":70,"column":64}},"32":{"start":{"line":71,"column":4},"end":{"line":71,"column":54}},"33":{"start":{"line":71,"column":36},"end":{"line":71,"column":52}},"34":{"start":{"line":72,"column":4},"end":{"line":72,"column":28}},"35":{"start":{"line":73,"column":4},"end":{"line":73,"column":59}},"36":{"start":{"line":75,"column":4},"end":{"line":75,"column":60}},"37":{"start":{"line":78,"column":3},"end":{"line":78,"column":57}},"38":{"start":{"line":83,"column":0},"end":{"line":113,"column":3}},"39":{"start":{"line":84,"column":14},"end":{"line":107,"column":3}},"40":{"start":{"line":108,"column":1},"end":{"line":112,"column":2}},"41":{"start":{"line":109,"column":2},"end":{"line":109,"column":28}},"42":{"start":{"line":111,"column":2},"end":{"line":111,"column":58}},"43":{"start":{"line":115,"column":0},"end":{"line":115,"column":24}}},"fnMap":{"0":{"name":"(anonymous_0)","decl":{"start":{"line":8,"column":16},"end":{"line":8,"column":17}},"loc":{"start":{"line":8,"column":36},"end":{"line":33,"column":1}},"line":8},"1":{"name":"(anonymous_1)","decl":{"start":{"line":35,"column":17},"end":{"line":35,"column":18}},"loc":{"start":{"line":35,"column":101},"end":{"line":45,"column":1}},"line":35},"2":{"name":"(anonymous_2)","decl":{"start":{"line":47,"column":16},"end":{"line":47,"column":17}},"loc":{"start":{"line":47,"column":104},"end":{"line":62,"column":1}},"line":47},"3":{"name":"(anonymous_3)","decl":{"start":{"line":64,"column":19},"end":{"line":64,"column":20}},"loc":{"start":{"line":64,"column":74},"end":{"line":81,"column":1}},"line":64},"4":{"name":"(anonymous_4)","decl":{"start":{"line":71,"column":26},"end":{"line":71,"column":27}},"loc":{"start":{"line":71,"column":36},"end":{"line":71,"column":52}},"line":71},"5":{"name":"(anonymous_5)","decl":{"start":{"line":83,"column":19},"end":{"line":83,"column":20}},"loc":{"start":{"line":83,"column":50},"end":{"line":113,"column":1}},"line":83}},"branchMap":{"0":{"loc":{"start":{"line":37,"column":1},"end":{"line":44,"column":2}},"type":"if","locations":[{"start":{"line":37,"column":1},"end":{"line":44,"column":2}},{"start":{"line":37,"column":1},"end":{"line":44,"column":2}}],"line":37},"1":{"loc":{"start":{"line":38,"column":2},"end":{"line":43,"column":3}},"type":"if","locations":[{"start":{"line":38,"column":2},"end":{"line":43,"column":3}},{"start":{"line":38,"column":2},"end":{"line":43,"column":3}}],"line":38},"2":{"loc":{"start":{"line":38,"column":6},"end":{"line":38,"column":43}},"type":"binary-expr","locations":[{"start":{"line":38,"column":6},"end":{"line":38,"column":11}},{"start":{"line":38,"column":15},"end":{"line":38,"column":20}},{"start":{"line":38,"column":24},"end":{"line":38,"column":35}},{"start":{"line":38,"column":39},"end":{"line":38,"column":43}}],"line":38},"3":{"loc":{"start":{"line":49,"column":1},"end":{"line":61,"column":2}},"type":"if","locations":[{"start":{"line":49,"column":1},"end":{"line":61,"column":2}},{"start":{"line":49,"column":1},"end":{"line":61,"column":2}}],"line":49},"4":{"loc":{"start":{"line":50,"column":2},"end":{"line":60,"column":3}},"type":"if","locations":[{"start":{"line":50,"column":2},"end":{"line":60,"column":3}},{"start":{"line":50,"column":2},"end":{"line":60,"column":3}}],"line":50},"5":{"loc":{"start":{"line":50,"column":6},"end":{"line":50,"column":49}},"type":"binary-expr","locations":[{"start":{"line":50,"column":6},"end":{"line":50,"column":11}},{"start":{"line":50,"column":15},"end":{"line":50,"column":20}},{"start":{"line":50,"column":24},"end":{"line":50,"column":35}},{"start":{"line":50,"column":39},"end":{"line":50,"column":43}},{"start":{"line":50,"column":47},"end":{"line":50,"column":49}}],"line":50},"6":{"loc":{"start":{"line":52,"column":3},"end":{"line":57,"column":4}},"type":"if","locations":[{"start":{"line":52,"column":3},"end":{"line":57,"column":4}},{"start":{"line":52,"column":3},"end":{"line":57,"column":4}}],"line":52},"7":{"loc":{"start":{"line":66,"column":1},"end":{"line":80,"column":2}},"type":"if","locations":[{"start":{"line":66,"column":1},"end":{"line":80,"column":2}},{"start":{"line":66,"column":1},"end":{"line":80,"column":2}}],"line":66},"8":{"loc":{"start":{"line":67,"column":2},"end":{"line":79,"column":3}},"type":"if","locations":[{"start":{"line":67,"column":2},"end":{"line":79,"column":3}},{"start":{"line":67,"column":2},"end":{"line":79,"column":3}}],"line":67},"9":{"loc":{"start":{"line":69,"column":3},"end":{"line":76,"column":4}},"type":"if","locations":[{"start":{"line":69,"column":3},"end":{"line":76,"column":4}},{"start":{"line":69,"column":3},"end":{"line":76,"column":4}}],"line":69},"10":{"loc":{"start":{"line":108,"column":1},"end":{"line":112,"column":2}},"type":"if","locations":[{"start":{"line":108,"column":1},"end":{"line":112,"column":2}},{"start":{"line":108,"column":1},"end":{"line":112,"column":2}}],"line":108}},"s":{"0":7,"1":7,"2":7,"3":7,"4":7,"5":7,"6":1,"7":1,"8":7,"9":3,"10":3,"11":2,"12":1,"13":1,"14":1,"15":7,"16":4,"17":4,"18":3,"19":2,"20":2,"21":1,"22":1,"23":1,"24":1,"25":7,"26":4,"27":4,"28":3,"29":2,"30":2,"31":1,"32":1,"33":1,"34":1,"35":1,"36":1,"37":1,"38":7,"39":3,"40":3,"41":2,"42":1,"43":7},"f":{"0":1,"1":3,"2":4,"3":4,"4":1,"5":3},"b":{"0":[2,1],"1":[1,1],"2":[2,1,1,1],"3":[3,1],"4":[2,1],"5":[3,2,2,2,2],"6":[1,1],"7":[3,1],"8":[2,1],"9":[1,1],"10":[2,1]},"_coverageSchema":"43e27e138ebf9cfc5966b082cf9a028302ed4184","hash":"d8ddcdb2435bde8c1e16cf308ff3483497dc16c1"}
,"/home/mantas/Desktop/steam-shop/server/routes/reviews.js": {"path":"/home/mantas/Desktop/steam-shop/server/routes/reviews.js","statementMap":{"0":{"start":{"line":1,"column":17},"end":{"line":1,"column":35}},"1":{"start":{"line":2,"column":23},"end":{"line":2,"column":49}},"2":{"start":{"line":3,"column":45},"end":{"line":3,"column":66}},"3":{"start":{"line":5,"column":15},"end":{"line":5,"column":23}},"4":{"start":{"line":7,"column":0},"end":{"line":22,"column":3}},"5":{"start":{"line":8,"column":15},"end":{"line":8,"column":38}},"6":{"start":{"line":9,"column":14},"end":{"line":9,"column":36}},"7":{"start":{"line":10,"column":1},"end":{"line":21,"column":2}},"8":{"start":{"line":11,"column":2},"end":{"line":20,"column":3}},"9":{"start":{"line":12,"column":3},"end":{"line":17,"column":4}},"10":{"start":{"line":13,"column":4},"end":{"line":13,"column":67}},"11":{"start":{"line":14,"column":4},"end":{"line":14,"column":56}},"12":{"start":{"line":16,"column":4},"end":{"line":16,"column":68}},"13":{"start":{"line":19,"column":3},"end":{"line":19,"column":81}},"14":{"start":{"line":24,"column":0},"end":{"line":40,"column":3}},"15":{"start":{"line":25,"column":15},"end":{"line":25,"column":38}},"16":{"start":{"line":26,"column":14},"end":{"line":26,"column":36}},"17":{"start":{"line":27,"column":1},"end":{"line":39,"column":2}},"18":{"start":{"line":28,"column":2},"end":{"line":38,"column":3}},"19":{"start":{"line":29,"column":18},"end":{"line":29,"column":50}},"20":{"start":{"line":30,"column":3},"end":{"line":35,"column":4}},"21":{"start":{"line":31,"column":4},"end":{"line":31,"column":34}},"22":{"start":{"line":32,"column":4},"end":{"line":32,"column":58}},"23":{"start":{"line":34,"column":4},"end":{"line":34,"column":59}},"24":{"start":{"line":37,"column":3},"end":{"line":37,"column":76}},"25":{"start":{"line":42,"column":0},"end":{"line":65,"column":2}},"26":{"start":{"line":45,"column":16},"end":{"line":45,"column":39}},"27":{"start":{"line":46,"column":15},"end":{"line":46,"column":37}},"28":{"start":{"line":47,"column":2},"end":{"line":63,"column":3}},"29":{"start":{"line":48,"column":3},"end":{"line":62,"column":4}},"30":{"start":{"line":49,"column":19},"end":{"line":49,"column":51}},"31":{"start":{"line":50,"column":4},"end":{"line":59,"column":5}},"32":{"start":{"line":51,"column":5},"end":{"line":56,"column":6}},"33":{"start":{"line":52,"column":6},"end":{"line":52,"column":29}},"34":{"start":{"line":53,"column":6},"end":{"line":53,"column":60}},"35":{"start":{"line":55,"column":6},"end":{"line":55,"column":65}},"36":{"start":{"line":58,"column":5},"end":{"line":58,"column":60}},"37":{"start":{"line":61,"column":4},"end":{"line":61,"column":58}},"38":{"start":{"line":67,"column":0},"end":{"line":78,"column":3}},"39":{"start":{"line":68,"column":14},"end":{"line":76,"column":3}},"40":{"start":{"line":77,"column":1},"end":{"line":77,"column":41}},"41":{"start":{"line":80,"column":0},"end":{"line":96,"column":3}},"42":{"start":{"line":81,"column":14},"end":{"line":90,"column":3}},"43":{"start":{"line":91,"column":1},"end":{"line":95,"column":2}},"44":{"start":{"line":92,"column":2},"end":{"line":92,"column":42}},"45":{"start":{"line":94,"column":2},"end":{"line":94,"column":57}},"46":{"start":{"line":98,"column":0},"end":{"line":98,"column":24}}},"fnMap":{"0":{"name":"(anonymous_0)","decl":{"start":{"line":7,"column":17},"end":{"line":7,"column":18}},"loc":{"start":{"line":7,"column":91},"end":{"line":22,"column":1}},"line":7},"1":{"name":"(anonymous_1)","decl":{"start":{"line":24,"column":16},"end":{"line":24,"column":17}},"loc":{"start":{"line":24,"column":85},"end":{"line":40,"column":1}},"line":24},"2":{"name":"(anonymous_2)","decl":{"start":{"line":44,"column":1},"end":{"line":44,"column":2}},"loc":{"start":{"line":44,"column":56},"end":{"line":64,"column":2}},"line":44},"3":{"name":"(anonymous_3)","decl":{"start":{"line":67,"column":16},"end":{"line":67,"column":17}},"loc":{"start":{"line":67,"column":36},"end":{"line":78,"column":1}},"line":67},"4":{"name":"(anonymous_4)","decl":{"start":{"line":80,"column":19},"end":{"line":80,"column":20}},"loc":{"start":{"line":80,"column":50},"end":{"line":96,"column":1}},"line":80}},"branchMap":{"0":{"loc":{"start":{"line":10,"column":1},"end":{"line":21,"column":2}},"type":"if","locations":[{"start":{"line":10,"column":1},"end":{"line":21,"column":2}},{"start":{"line":10,"column":1},"end":{"line":21,"column":2}}],"line":10},"1":{"loc":{"start":{"line":11,"column":2},"end":{"line":20,"column":3}},"type":"if","locations":[{"start":{"line":11,"column":2},"end":{"line":20,"column":3}},{"start":{"line":11,"column":2},"end":{"line":20,"column":3}}],"line":11},"2":{"loc":{"start":{"line":11,"column":6},"end":{"line":11,"column":31}},"type":"binary-expr","locations":[{"start":{"line":11,"column":6},"end":{"line":11,"column":10}},{"start":{"line":11,"column":14},"end":{"line":11,"column":21}},{"start":{"line":11,"column":25},"end":{"line":11,"column":31}}],"line":11},"3":{"loc":{"start":{"line":12,"column":3},"end":{"line":17,"column":4}},"type":"if","locations":[{"start":{"line":12,"column":3},"end":{"line":17,"column":4}},{"start":{"line":12,"column":3},"end":{"line":17,"column":4}}],"line":12},"4":{"loc":{"start":{"line":12,"column":7},"end":{"line":12,"column":32}},"type":"binary-expr","locations":[{"start":{"line":12,"column":7},"end":{"line":12,"column":17}},{"start":{"line":12,"column":21},"end":{"line":12,"column":32}}],"line":12},"5":{"loc":{"start":{"line":27,"column":1},"end":{"line":39,"column":2}},"type":"if","locations":[{"start":{"line":27,"column":1},"end":{"line":39,"column":2}},{"start":{"line":27,"column":1},"end":{"line":39,"column":2}}],"line":27},"6":{"loc":{"start":{"line":28,"column":2},"end":{"line":38,"column":3}},"type":"if","locations":[{"start":{"line":28,"column":2},"end":{"line":38,"column":3}},{"start":{"line":28,"column":2},"end":{"line":38,"column":3}}],"line":28},"7":{"loc":{"start":{"line":28,"column":6},"end":{"line":28,"column":26}},"type":"binary-expr","locations":[{"start":{"line":28,"column":6},"end":{"line":28,"column":10}},{"start":{"line":28,"column":14},"end":{"line":28,"column":16}},{"start":{"line":28,"column":20},"end":{"line":28,"column":26}}],"line":28},"8":{"loc":{"start":{"line":30,"column":3},"end":{"line":35,"column":4}},"type":"if","locations":[{"start":{"line":30,"column":3},"end":{"line":35,"column":4}},{"start":{"line":30,"column":3},"end":{"line":35,"column":4}}],"line":30},"9":{"loc":{"start":{"line":47,"column":2},"end":{"line":63,"column":3}},"type":"if","locations":[{"start":{"line":47,"column":2},"end":{"line":63,"column":3}},{"start":{"line":47,"column":2},"end":{"line":63,"column":3}}],"line":47},"10":{"loc":{"start":{"line":48,"column":3},"end":{"line":62,"column":4}},"type":"if","locations":[{"start":{"line":48,"column":3},"end":{"line":62,"column":4}},{"start":{"line":48,"column":3},"end":{"line":62,"column":4}}],"line":48},"11":{"loc":{"start":{"line":50,"column":4},"end":{"line":59,"column":5}},"type":"if","locations":[{"start":{"line":50,"column":4},"end":{"line":59,"column":5}},{"start":{"line":50,"column":4},"end":{"line":59,"column":5}}],"line":50},"12":{"loc":{"start":{"line":51,"column":5},"end":{"line":56,"column":6}},"type":"if","locations":[{"start":{"line":51,"column":5},"end":{"line":56,"column":6}},{"start":{"line":51,"column":5},"end":{"line":56,"column":6}}],"line":51},"13":{"loc":{"start":{"line":51,"column":9},"end":{"line":51,"column":54}},"type":"binary-expr","locations":[{"start":{"line":51,"column":9},"end":{"line":51,"column":35}},{"start":{"line":51,"column":39},"end":{"line":51,"column":54}}],"line":51},"14":{"loc":{"start":{"line":91,"column":1},"end":{"line":95,"column":2}},"type":"if","locations":[{"start":{"line":91,"column":1},"end":{"line":95,"column":2}},{"start":{"line":91,"column":1},"end":{"line":95,"column":2}}],"line":91}},"s":{"0":7,"1":7,"2":7,"3":7,"4":7,"5":3,"6":3,"7":3,"8":3,"9":3,"10":2,"11":2,"12":1,"13":0,"14":7,"15":0,"16":0,"17":0,"18":0,"19":0,"20":0,"21":0,"22":0,"23":0,"24":0,"25":7,"26":0,"27":0,"28":0,"29":0,"30":0,"31":0,"32":0,"33":0,"34":0,"35":0,"36":0,"37":0,"38":7,"39":0,"40":0,"41":7,"42":0,"43":0,"44":0,"45":0,"46":7},"f":{"0":3,"1":0,"2":0,"3":0,"4":0},"b":{"0":[3,0],"1":[3,0],"2":[3,3,3],"3":[2,1],"4":[3,3],"5":[0,0],"6":[0,0],"7":[0,0,0],"8":[0,0],"9":[0,0],"10":[0,0],"11":[0,0],"12":[0,0],"13":[0,0],"14":[0,0]},"_coverageSchema":"43e27e138ebf9cfc5966b082cf9a028302ed4184","hash":"9b300de219b9d59611a63223aa36477f08c49c7f"}
,"/home/mantas/Desktop/steam-shop/server/routes/users.js": {"path":"/home/mantas/Desktop/steam-shop/server/routes/users.js","statementMap":{"0":{"start":{"line":1,"column":17},"end":{"line":1,"column":35}},"1":{"start":{"line":2,"column":12},"end":{"line":2,"column":35}},"2":{"start":{"line":3,"column":18},"end":{"line":3,"column":44}},"3":{"start":{"line":4,"column":15},"end":{"line":4,"column":41}},"4":{"start":{"line":11,"column":4},"end":{"line":11,"column":25}},"5":{"start":{"line":13,"column":15},"end":{"line":13,"column":23}},"6":{"start":{"line":15,"column":0},"end":{"line":31,"column":3}},"7":{"start":{"line":16,"column":15},"end":{"line":16,"column":38}},"8":{"start":{"line":17,"column":16},"end":{"line":17,"column":33}},"9":{"start":{"line":18,"column":1},"end":{"line":30,"column":2}},"10":{"start":{"line":19,"column":2},"end":{"line":29,"column":3}},"11":{"start":{"line":20,"column":3},"end":{"line":26,"column":4}},"12":{"start":{"line":21,"column":17},"end":{"line":21,"column":47}},"13":{"start":{"line":22,"column":4},"end":{"line":22,"column":31}},"14":{"start":{"line":23,"column":4},"end":{"line":23,"column":57}},"15":{"start":{"line":25,"column":4},"end":{"line":25,"column":56}},"16":{"start":{"line":28,"column":3},"end":{"line":28,"column":69}},"17":{"start":{"line":33,"column":0},"end":{"line":39,"column":3}},"18":{"start":{"line":34,"column":15},"end":{"line":34,"column":38}},"19":{"start":{"line":35,"column":1},"end":{"line":38,"column":2}},"20":{"start":{"line":36,"column":15},"end":{"line":36,"column":35}},"21":{"start":{"line":37,"column":2},"end":{"line":37,"column":40}},"22":{"start":{"line":41,"column":0},"end":{"line":52,"column":3}},"23":{"start":{"line":42,"column":15},"end":{"line":42,"column":38}},"24":{"start":{"line":43,"column":14},"end":{"line":43,"column":36}},"25":{"start":{"line":44,"column":1},"end":{"line":51,"column":2}},"26":{"start":{"line":45,"column":15},"end":{"line":45,"column":45}},"27":{"start":{"line":46,"column":2},"end":{"line":50,"column":3}},"28":{"start":{"line":47,"column":3},"end":{"line":47,"column":58}},"29":{"start":{"line":49,"column":3},"end":{"line":49,"column":47}},"30":{"start":{"line":54,"column":0},"end":{"line":60,"column":3}},"31":{"start":{"line":55,"column":15},"end":{"line":55,"column":38}},"32":{"start":{"line":56,"column":1},"end":{"line":59,"column":2}},"33":{"start":{"line":57,"column":2},"end":{"line":57,"column":57}},"34":{"start":{"line":58,"column":2},"end":{"line":58,"column":57}},"35":{"start":{"line":62,"column":0},"end":{"line":68,"column":3}},"36":{"start":{"line":63,"column":15},"end":{"line":63,"column":38}},"37":{"start":{"line":64,"column":1},"end":{"line":67,"column":2}},"38":{"start":{"line":65,"column":2},"end":{"line":65,"column":58}},"39":{"start":{"line":66,"column":2},"end":{"line":66,"column":59}},"40":{"start":{"line":70,"column":0},"end":{"line":70,"column":24}}},"fnMap":{"0":{"name":"(anonymous_0)","decl":{"start":{"line":15,"column":17},"end":{"line":15,"column":18}},"loc":{"start":{"line":15,"column":75},"end":{"line":31,"column":1}},"line":15},"1":{"name":"(anonymous_1)","decl":{"start":{"line":33,"column":16},"end":{"line":33,"column":17}},"loc":{"start":{"line":33,"column":59},"end":{"line":39,"column":1}},"line":33},"2":{"name":"(anonymous_2)","decl":{"start":{"line":41,"column":19},"end":{"line":41,"column":20}},"loc":{"start":{"line":41,"column":76},"end":{"line":52,"column":1}},"line":41},"3":{"name":"(anonymous_3)","decl":{"start":{"line":54,"column":19},"end":{"line":54,"column":20}},"loc":{"start":{"line":54,"column":74},"end":{"line":60,"column":1}},"line":54},"4":{"name":"(anonymous_4)","decl":{"start":{"line":62,"column":16},"end":{"line":62,"column":17}},"loc":{"start":{"line":62,"column":71},"end":{"line":68,"column":1}},"line":62}},"branchMap":{"0":{"loc":{"start":{"line":18,"column":1},"end":{"line":30,"column":2}},"type":"if","locations":[{"start":{"line":18,"column":1},"end":{"line":30,"column":2}},{"start":{"line":18,"column":1},"end":{"line":30,"column":2}}],"line":18},"1":{"loc":{"start":{"line":19,"column":2},"end":{"line":29,"column":3}},"type":"if","locations":[{"start":{"line":19,"column":2},"end":{"line":29,"column":3}},{"start":{"line":19,"column":2},"end":{"line":29,"column":3}}],"line":19},"2":{"loc":{"start":{"line":19,"column":6},"end":{"line":19,"column":17}},"type":"binary-expr","locations":[{"start":{"line":19,"column":6},"end":{"line":19,"column":11}},{"start":{"line":19,"column":15},"end":{"line":19,"column":17}}],"line":19},"3":{"loc":{"start":{"line":20,"column":3},"end":{"line":26,"column":4}},"type":"if","locations":[{"start":{"line":20,"column":3},"end":{"line":26,"column":4}},{"start":{"line":20,"column":3},"end":{"line":26,"column":4}}],"line":20},"4":{"loc":{"start":{"line":35,"column":1},"end":{"line":38,"column":2}},"type":"if","locations":[{"start":{"line":35,"column":1},"end":{"line":38,"column":2}},{"start":{"line":35,"column":1},"end":{"line":38,"column":2}}],"line":35},"5":{"loc":{"start":{"line":44,"column":1},"end":{"line":51,"column":2}},"type":"if","locations":[{"start":{"line":44,"column":1},"end":{"line":51,"column":2}},{"start":{"line":44,"column":1},"end":{"line":51,"column":2}}],"line":44},"6":{"loc":{"start":{"line":46,"column":2},"end":{"line":50,"column":3}},"type":"if","locations":[{"start":{"line":46,"column":2},"end":{"line":50,"column":3}},{"start":{"line":46,"column":2},"end":{"line":50,"column":3}}],"line":46},"7":{"loc":{"start":{"line":56,"column":1},"end":{"line":59,"column":2}},"type":"if","locations":[{"start":{"line":56,"column":1},"end":{"line":59,"column":2}},{"start":{"line":56,"column":1},"end":{"line":59,"column":2}}],"line":56},"8":{"loc":{"start":{"line":64,"column":1},"end":{"line":67,"column":2}},"type":"if","locations":[{"start":{"line":64,"column":1},"end":{"line":67,"column":2}},{"start":{"line":64,"column":1},"end":{"line":67,"column":2}}],"line":64}},"s":{"0":7,"1":7,"2":7,"3":7,"4":7,"5":7,"6":7,"7":2,"8":2,"9":2,"10":2,"11":2,"12":1,"13":1,"14":1,"15":1,"16":0,"17":7,"18":4,"19":4,"20":4,"21":4,"22":7,"23":0,"24":0,"25":0,"26":0,"27":0,"28":0,"29":0,"30":7,"31":1,"32":1,"33":1,"34":1,"35":7,"36":1,"37":1,"38":1,"39":1,"40":7},"f":{"0":2,"1":4,"2":0,"3":1,"4":1},"b":{"0":[2,0],"1":[2,0],"2":[2,2],"3":[1,1],"4":[4,0],"5":[0,0],"6":[0,0],"7":[1,0],"8":[1,0]},"_coverageSchema":"43e27e138ebf9cfc5966b082cf9a028302ed4184","hash":"daa67a624ce15ff2b987311a3b7b359f1e35014b"}
}
