TN:
SF:/home/mantas/Desktop/steam-shop/server/routes/auth.js
FN:9,(anonymous_0)
FN:29,(anonymous_1)
FN:37,(anonymous_2)
FN:49,(anonymous_3)
FNF:4
FNH:4
FNDA:14,(anonymous_0)
FNDA:3,(anonymous_1)
FNDA:2,(anonymous_2)
FNDA:4,(anonymous_3)
DA:1,7
DA:2,7
DA:3,7
DA:4,7
DA:5,7
DA:7,7
DA:9,7
DA:10,14
DA:11,13
DA:12,13
DA:13,13
DA:14,1
DA:15,12
DA:16,1
DA:18,11
DA:19,10
DA:21,1
DA:24,13
DA:26,1
DA:29,7
DA:30,3
DA:31,2
DA:38,2
DA:39,1
DA:41,1
DA:44,2
DA:46,1
DA:49,7
DA:50,4
DA:51,4
DA:52,4
DA:53,3
DA:54,2
DA:55,2
DA:56,1
DA:57,1
DA:59,1
DA:62,1
DA:67,7
LF:39
LH:39
BRDA:10,0,0,13
BRDA:10,0,1,1
BRDA:10,1,0,14
BRDA:10,1,1,13
BRDA:13,2,0,1
BRDA:13,2,1,12
BRDA:15,3,0,1
BRDA:15,3,1,11
BRDA:18,4,0,10
BRDA:18,4,1,1
BRDA:30,5,0,2
BRDA:30,5,1,1
BRDA:30,6,0,3
BRDA:30,6,1,2
BRDA:30,6,2,2
BRDA:38,7,0,1
BRDA:38,7,1,1
BRDA:52,8,0,3
BRDA:52,8,1,1
BRDA:53,9,0,2
BRDA:53,9,1,1
BRDA:53,10,0,3
BRDA:53,10,1,2
BRDA:55,11,0,1
BRDA:55,11,1,1
BRF:25
BRH:25
end_of_record
TN:
SF:/home/mantas/Desktop/steam-shop/server/routes/cart.js
FN:8,(anonymous_0)
FN:31,(anonymous_1)
FN:55,(anonymous_2)
FNF:3
FNH:3
FNDA:5,(anonymous_0)
FNDA:4,(anonymous_1)
FNDA:2,(anonymous_2)
DA:1,7
DA:2,7
DA:3,7
DA:5,7
DA:6,7
DA:8,7
DA:9,5
DA:10,5
DA:11,5
DA:12,4
DA:13,3
DA:14,3
DA:15,2
DA:16,2
DA:21,2
DA:23,1
DA:26,1
DA:31,7
DA:32,4
DA:33,4
DA:34,4
DA:35,3
DA:36,2
DA:39,2
DA:40,1
DA:41,1
DA:45,1
DA:47,1
DA:50,1
DA:55,7
DA:56,2
DA:57,2
DA:58,2
DA:59,1
DA:70,1
DA:74,7
LF:36
LH:36
BRDA:11,0,0,4
BRDA:11,0,1,1
BRDA:12,1,0,3
BRDA:12,1,1,1
BRDA:14,2,0,2
BRDA:14,2,1,1
BRDA:34,3,0,3
BRDA:34,3,1,1
BRDA:35,4,0,2
BRDA:35,4,1,1
BRDA:39,5,0,1
BRDA:39,5,1,1
BRDA:58,6,0,1
BRDA:58,6,1,1
BRF:14
BRH:14
end_of_record
TN:
SF:/home/mantas/Desktop/steam-shop/server/routes/keys.js
FN:7,(anonymous_0)
FN:19,(anonymous_1)
FN:36,(anonymous_2)
FN:53,(anonymous_3)
FN:72,(anonymous_4)
FNF:5
FNH:5
FNDA:4,(anonymous_0)
FNDA:4,(anonymous_1)
FNDA:4,(anonymous_2)
FNDA:2,(anonymous_3)
FNDA:4,(anonymous_4)
DA:1,7
DA:2,7
DA:3,7
DA:5,7
DA:7,7
DA:8,4
DA:9,4
DA:10,3
DA:11,2
DA:12,2
DA:14,1
DA:19,7
DA:20,4
DA:21,4
DA:22,3
DA:23,2
DA:24,2
DA:25,1
DA:26,1
DA:28,1
DA:31,1
DA:36,7
DA:37,4
DA:38,4
DA:39,3
DA:40,2
DA:41,2
DA:42,1
DA:43,1
DA:45,1
DA:48,1
DA:53,7
DA:54,2
DA:55,2
DA:56,1
DA:66,1
DA:70,7
DA:73,4
DA:74,4
DA:75,3
DA:76,3
DA:77,2
DA:79,1
DA:85,7
LF:44
LH:44
BRDA:9,0,0,3
BRDA:9,0,1,1
BRDA:10,1,0,2
BRDA:10,1,1,1
BRDA:10,2,0,3
BRDA:10,2,1,2
BRDA:21,3,0,3
BRDA:21,3,1,1
BRDA:22,4,0,2
BRDA:22,4,1,1
BRDA:22,5,0,3
BRDA:22,5,1,2
BRDA:22,5,2,2
BRDA:24,6,0,1
BRDA:24,6,1,1
BRDA:38,7,0,3
BRDA:38,7,1,1
BRDA:39,8,0,2
BRDA:39,8,1,1
BRDA:41,9,0,1
BRDA:41,9,1,1
BRDA:55,10,0,1
BRDA:55,10,1,1
BRDA:74,11,0,3
BRDA:74,11,1,1
BRDA:76,12,0,2
BRDA:76,12,1,1
BRF:27
BRH:27
end_of_record
TN:
SF:/home/mantas/Desktop/steam-shop/server/routes/orderKeys.js
FN:7,(anonymous_0)
FNF:1
FNH:0
FNDA:0,(anonymous_0)
DA:1,7
DA:2,7
DA:3,7
DA:5,7
DA:7,7
DA:8,0
DA:9,0
DA:10,0
DA:11,0
DA:26,0
DA:27,0
DA:29,0
DA:34,7
LF:13
LH:6
BRDA:10,0,0,0
BRDA:10,0,1,0
BRDA:26,1,0,0
BRDA:26,1,1,0
BRDA:26,2,0,0
BRDA:26,2,1,0
BRDA:26,2,2,0
BRF:7
BRH:0
end_of_record
TN:
SF:/home/mantas/Desktop/steam-shop/server/routes/orders.js
FN:8,(anonymous_0)
FN:21,(anonymous_1)
FN:40,(anonymous_2)
FNF:3
FNH:3
FNDA:3,(anonymous_0)
FNDA:1,(anonymous_1)
FNDA:2,(anonymous_2)
DA:1,7
DA:2,7
DA:3,7
DA:5,7
DA:6,7
DA:8,7
DA:9,3
DA:10,3
DA:11,3
DA:12,2
DA:19,2
DA:20,1
DA:21,1
DA:22,1
DA:23,1
DA:24,1
DA:25,1
DA:32,1
DA:34,1
DA:40,7
DA:41,2
DA:42,2
DA:43,2
DA:44,1
DA:66,1
DA:70,7
LF:26
LH:26
BRDA:11,0,0,2
BRDA:11,0,1,1
BRDA:19,1,0,1
BRDA:19,1,1,1
BRDA:22,2,0,1
BRDA:22,2,1,0
BRDA:25,3,0,1
BRDA:25,3,1,1
BRDA:43,4,0,1
BRDA:43,4,1,1
BRF:10
BRH:9
end_of_record
TN:
SF:/home/mantas/Desktop/steam-shop/server/routes/products.js
FN:8,(anonymous_0)
FN:35,(anonymous_1)
FN:47,(anonymous_2)
FN:64,(anonymous_3)
FN:71,(anonymous_4)
FN:83,(anonymous_5)
FNF:6
FNH:6
FNDA:1,(anonymous_0)
FNDA:3,(anonymous_1)
FNDA:4,(anonymous_2)
FNDA:4,(anonymous_3)
FNDA:1,(anonymous_4)
FNDA:3,(anonymous_5)
DA:1,7
DA:2,7
DA:3,7
DA:5,7
DA:6,7
DA:8,7
DA:9,1
DA:32,1
DA:35,7
DA:36,3
DA:37,3
DA:38,2
DA:39,1
DA:40,1
DA:42,1
DA:47,7
DA:48,4
DA:49,4
DA:50,3
DA:51,2
DA:52,2
DA:53,1
DA:54,1
DA:56,1
DA:59,1
DA:64,7
DA:65,4
DA:66,4
DA:67,3
DA:68,2
DA:69,2
DA:70,1
DA:71,1
DA:72,1
DA:73,1
DA:75,1
DA:78,1
DA:83,7
DA:84,3
DA:108,3
DA:109,2
DA:111,1
DA:115,7
LF:43
LH:43
BRDA:37,0,0,2
BRDA:37,0,1,1
BRDA:38,1,0,1
BRDA:38,1,1,1
BRDA:38,2,0,2
BRDA:38,2,1,1
BRDA:38,2,2,1
BRDA:38,2,3,1
BRDA:49,3,0,3
BRDA:49,3,1,1
BRDA:50,4,0,2
BRDA:50,4,1,1
BRDA:50,5,0,3
BRDA:50,5,1,2
BRDA:50,5,2,2
BRDA:50,5,3,2
BRDA:50,5,4,2
BRDA:52,6,0,1
BRDA:52,6,1,1
BRDA:66,7,0,3
BRDA:66,7,1,1
BRDA:67,8,0,2
BRDA:67,8,1,1
BRDA:69,9,0,1
BRDA:69,9,1,1
BRDA:108,10,0,2
BRDA:108,10,1,1
BRF:27
BRH:27
end_of_record
TN:
SF:/home/mantas/Desktop/steam-shop/server/routes/reviews.js
FN:7,(anonymous_0)
FN:24,(anonymous_1)
FN:44,(anonymous_2)
FN:67,(anonymous_3)
FN:80,(anonymous_4)
FNF:5
FNH:1
FNDA:3,(anonymous_0)
FNDA:0,(anonymous_1)
FNDA:0,(anonymous_2)
FNDA:0,(anonymous_3)
FNDA:0,(anonymous_4)
DA:1,7
DA:2,7
DA:3,7
DA:5,7
DA:7,7
DA:8,3
DA:9,3
DA:10,3
DA:11,3
DA:12,3
DA:13,2
DA:14,2
DA:16,1
DA:19,0
DA:24,7
DA:25,0
DA:26,0
DA:27,0
DA:28,0
DA:29,0
DA:30,0
DA:31,0
DA:32,0
DA:34,0
DA:37,0
DA:42,7
DA:45,0
DA:46,0
DA:47,0
DA:48,0
DA:49,0
DA:50,0
DA:51,0
DA:52,0
DA:53,0
DA:55,0
DA:58,0
DA:61,0
DA:67,7
DA:68,0
DA:77,0
DA:80,7
DA:81,0
DA:91,0
DA:92,0
DA:94,0
DA:98,7
LF:47
LH:18
BRDA:10,0,0,3
BRDA:10,0,1,0
BRDA:11,1,0,3
BRDA:11,1,1,0
BRDA:11,2,0,3
BRDA:11,2,1,3
BRDA:11,2,2,3
BRDA:12,3,0,2
BRDA:12,3,1,1
BRDA:12,4,0,3
BRDA:12,4,1,3
BRDA:27,5,0,0
BRDA:27,5,1,0
BRDA:28,6,0,0
BRDA:28,6,1,0
BRDA:28,7,0,0
BRDA:28,7,1,0
BRDA:28,7,2,0
BRDA:30,8,0,0
BRDA:30,8,1,0
BRDA:47,9,0,0
BRDA:47,9,1,0
BRDA:48,10,0,0
BRDA:48,10,1,0
BRDA:50,11,0,0
BRDA:50,11,1,0
BRDA:51,12,0,0
BRDA:51,12,1,0
BRDA:51,13,0,0
BRDA:51,13,1,0
BRDA:91,14,0,0
BRDA:91,14,1,0
BRF:32
BRH:9
end_of_record
TN:
SF:/home/mantas/Desktop/steam-shop/server/routes/users.js
FN:14,(anonymous_0)
FN:32,(anonymous_1)
FN:40,(anonymous_2)
FN:52,(anonymous_3)
FN:60,(anonymous_4)
FNF:5
FNH:5
FNDA:4,(anonymous_0)
FNDA:3,(anonymous_1)
FNDA:5,(anonymous_2)
FNDA:2,(anonymous_3)
FNDA:2,(anonymous_4)
DA:1,7
DA:2,7
DA:3,7
DA:4,7
DA:10,7
DA:12,7
DA:14,7
DA:15,4
DA:16,4
DA:17,4
DA:18,3
DA:19,2
DA:20,1
DA:21,1
DA:22,1
DA:24,1
DA:27,1
DA:32,7
DA:33,3
DA:34,3
DA:35,2
DA:36,2
DA:40,7
DA:41,5
DA:42,5
DA:43,4
DA:44,4
DA:45,3
DA:47,1
DA:52,7
DA:53,2
DA:54,2
DA:55,1
DA:56,1
DA:60,7
DA:61,2
DA:62,2
DA:63,1
DA:64,1
DA:68,7
LF:40
LH:40
BRDA:16,0,0,4
BRDA:16,0,1,1
BRDA:17,1,0,3
BRDA:17,1,1,1
BRDA:18,2,0,2
BRDA:18,2,1,1
BRDA:18,3,0,3
BRDA:18,3,1,2
BRDA:19,4,0,1
BRDA:19,4,1,1
BRDA:34,5,0,2
BRDA:34,5,1,1
BRDA:42,6,0,4
BRDA:42,6,1,1
BRDA:44,7,0,3
BRDA:44,7,1,1
BRDA:54,8,0,1
BRDA:54,8,1,1
BRDA:62,9,0,1
BRDA:62,9,1,1
BRF:20
BRH:20
end_of_record
